# JRE version: Java(TM) SE Runtime Environment (21.0.2+13) (build 21.0.2+13-LTS-58)
# Java VM: Java HotSpot(TM) 64-Bit Server VM (21.0.2+13-LTS-58, mixed mode, sharing, tiered, compressed oops, compressed class ptrs, g1 gc, windows-amd64)
GC Precious Log:
 CardTable entry size: 512
 Card Set container configuration: InlinePtr #cards 5 size 8 Array Of Cards #cards 12 size 40 Howl #buckets 4 coarsen threshold 1843 Howl Bitmap #cards 512 size 80 coarsen threshold 460 Card regions per heap region 1 cards per card region 2048
 CPUs: 8 total, 8 available
 Memory: 8058M
 Large Page Support: Disabled
 NUMA Support: Disabled
 Compressed Oops: Enabled (32-bit)
 Heap Region Size: 1M
 Heap Min Capacity: 8M
 Heap Initial Capacity: 126M
 Heap Max Capacity: 2016M
 Pre-touch: Disabled
 Parallel Workers: 8
 Concurrent Workers: 2
 Concurrent Refinement Workers: 8
 Periodic GC: Disabled
Heap:
 garbage-first heap   total 66560K, used 28918K [0x0000000082000000, 0x0000000100000000)
  region size 1024K, 6 young (6144K), 4 survivors (4096K)
 Metaspace       used 60091K, committed 60736K, reserved 1114112K
  class space    used 8030K, committed 8320K, reserved 1048576K
GC Heap History (20 events):
Event: 0.771 GC heap before
{Heap before GC invocations=0 (full 0):
 garbage-first heap   total 129024K, used 23552K [0x0000000082000000, 0x0000000100000000)
  region size 1024K, 23 young (23552K), 0 survivors (0K)
 Metaspace       used 6843K, committed 7104K, reserved 1114112K
  class space    used 803K, committed 896K, reserved 1048576K
}
Event: 0.778 GC heap after
{Heap after GC invocations=1 (full 0):
 garbage-first heap   total 129024K, used 7338K [0x0000000082000000, 0x0000000100000000)
  region size 1024K, 3 young (3072K), 3 survivors (3072K)
 Metaspace       used 6843K, committed 7104K, reserved 1114112K
  class space    used 803K, committed 896K, reserved 1048576K
}
Event: 1.289 GC heap before
{Heap before GC invocations=1 (full 0):
 garbage-first heap   total 129024K, used 34986K [0x0000000082000000, 0x0000000100000000)
  region size 1024K, 31 young (31744K), 3 survivors (3072K)
 Metaspace       used 14300K, committed 14656K, reserved 1114112K
  class space    used 1713K, committed 1856K, reserved 1048576K
}
Event: 1.297 GC heap after
{Heap after GC invocations=2 (full 0):
 garbage-first heap   total 129024K, used 9825K [0x0000000082000000, 0x0000000100000000)
  region size 1024K, 3 young (3072K), 3 survivors (3072K)
 Metaspace       used 14300K, committed 14656K, reserved 1114112K
  class space    used 1713K, committed 1856K, reserved 1048576K
}
Event: 2.603 GC heap before
{Heap before GC invocations=2 (full 0):
 garbage-first heap   total 129024K, used 53857K [0x0000000082000000, 0x0000000100000000)
  region size 1024K, 47 young (48128K), 3 survivors (3072K)
 Metaspace       used 21199K, committed 21504K, reserved 1114112K
  class space    used 2570K, committed 2688K, reserved 1048576K
}
Event: 2.620 GC heap after
{Heap after GC invocations=3 (full 0):
 garbage-first heap   total 129024K, used 14016K [0x0000000082000000, 0x0000000100000000)
  region size 1024K, 7 young (7168K), 7 survivors (7168K)
 Metaspace       used 21199K, committed 21504K, reserved 1114112K
  class space    used 2570K, committed 2688K, reserved 1048576K
}
Event: 3.727 GC heap before
{Heap before GC invocations=4 (full 0):
 garbage-first heap   total 55296K, used 39616K [0x0000000082000000, 0x0000000100000000)
  region size 1024K, 32 young (32768K), 7 survivors (7168K)
 Metaspace       used 25802K, committed 26240K, reserved 1114112K
  class space    used 3218K, committed 3392K, reserved 1048576K
}
Event: 3.746 GC heap after
{Heap after GC invocations=5 (full 0):
 garbage-first heap   total 55296K, used 16851K [0x0000000082000000, 0x0000000100000000)
  region size 1024K, 3 young (3072K), 3 survivors (3072K)
 Metaspace       used 25802K, committed 26240K, reserved 1114112K
  class space    used 3218K, committed 3392K, reserved 1048576K
}
Event: 4.414 GC heap before
{Heap before GC invocations=5 (full 0):
 garbage-first heap   total 55296K, used 41427K [0x0000000082000000, 0x0000000100000000)
  region size 1024K, 27 young (27648K), 3 survivors (3072K)
 Metaspace       used 30459K, committed 31040K, reserved 1114112K
  class space    used 3827K, committed 4096K, reserved 1048576K
}
Event: 4.423 GC heap after
{Heap after GC invocations=6 (full 0):
 garbage-first heap   total 55296K, used 18668K [0x0000000082000000, 0x0000000100000000)
  region size 1024K, 3 young (3072K), 3 survivors (3072K)
 Metaspace       used 30459K, committed 31040K, reserved 1114112K
  class space    used 3827K, committed 4096K, reserved 1048576K
}
Event: 4.922 GC heap before
{Heap before GC invocations=6 (full 0):
 garbage-first heap   total 55296K, used 36076K [0x0000000082000000, 0x0000000100000000)
  region size 1024K, 21 young (21504K), 3 survivors (3072K)
 Metaspace       used 35424K, committed 35968K, reserved 1114112K
  class space    used 4607K, committed 4864K, reserved 1048576K
}
Event: 4.928 GC heap after
{Heap after GC invocations=7 (full 0):
 garbage-first heap   total 55296K, used 19692K [0x0000000082000000, 0x0000000100000000)
  region size 1024K, 2 young (2048K), 2 survivors (2048K)
 Metaspace       used 35424K, committed 35968K, reserved 1114112K
  class space    used 4607K, committed 4864K, reserved 1048576K
}
Event: 5.941 GC heap before
{Heap before GC invocations=8 (full 0):
 garbage-first heap   total 55296K, used 44268K [0x0000000082000000, 0x0000000100000000)
  region size 1024K, 27 young (27648K), 2 survivors (2048K)
 Metaspace       used 42467K, committed 43072K, reserved 1114112K
  class space    used 5569K, committed 5824K, reserved 1048576K
}
Event: 5.954 GC heap after
{Heap after GC invocations=9 (full 0):
 garbage-first heap   total 66560K, used 22325K [0x0000000082000000, 0x0000000100000000)
  region size 1024K, 4 young (4096K), 4 survivors (4096K)
 Metaspace       used 42467K, committed 43072K, reserved 1114112K
  class space    used 5569K, committed 5824K, reserved 1048576K
}
Event: 6.936 GC heap before
{Heap before GC invocations=9 (full 0):
 garbage-first heap   total 66560K, used 55093K [0x0000000082000000, 0x0000000100000000)
  region size 1024K, 37 young (37888K), 4 survivors (4096K)
 Metaspace       used 51519K, committed 52160K, reserved 1114112K
  class space    used 6902K, committed 7168K, reserved 1048576K
}
Event: 6.945 GC heap after
{Heap after GC invocations=10 (full 0):
 garbage-first heap   total 66560K, used 24122K [0x0000000082000000, 0x0000000100000000)
  region size 1024K, 2 young (2048K), 2 survivors (2048K)
 Metaspace       used 51519K, committed 52160K, reserved 1114112K
  class space    used 6902K, committed 7168K, reserved 1048576K
}
Event: 7.571 GC heap before
{Heap before GC invocations=10 (full 0):
 garbage-first heap   total 66560K, used 56890K [0x0000000082000000, 0x0000000100000000)
  region size 1024K, 34 young (34816K), 2 survivors (2048K)
 Metaspace       used 56414K, committed 57088K, reserved 1114112K
  class space    used 7555K, committed 7872K, reserved 1048576K
}
Event: 7.577 GC heap after
{Heap after GC invocations=11 (full 0):
 garbage-first heap   total 66560K, used 26170K [0x0000000082000000, 0x0000000100000000)
  region size 1024K, 4 young (4096K), 4 survivors (4096K)
 Metaspace       used 56414K, committed 57088K, reserved 1114112K
  class space    used 7555K, committed 7872K, reserved 1048576K
}
Event: 7.986 GC heap before
{Heap before GC invocations=11 (full 0):
 garbage-first heap   total 66560K, used 44602K [0x0000000082000000, 0x0000000100000000)
  region size 1024K, 23 young (23552K), 4 survivors (4096K)
 Metaspace       used 59559K, committed 60160K, reserved 1114112K
  class space    used 7929K, committed 8192K, reserved 1048576K
}
Event: 7.998 GC heap after
{Heap after GC invocations=12 (full 0):
 garbage-first heap   total 66560K, used 27894K [0x0000000082000000, 0x0000000100000000)
  region size 1024K, 4 young (4096K), 4 survivors (4096K)
 Metaspace       used 59559K, committed 60160K, reserved 1114112K
  class space    used 7929K, committed 8192K, reserved 1048576K
}

