# JRE version: Java(TM) SE Runtime Environment (21.0.2+13) (build 21.0.2+13-LTS-58)
# Java VM: Java HotSpot(TM) 64-Bit Server VM (21.0.2+13-LTS-58, mixed mode, sharing, tiered, compressed oops, compressed class ptrs, g1 gc, windows-amd64)
GC Precious Log:
 CardTable entry size: 512
 Card Set container configuration: InlinePtr #cards 5 size 8 Array Of Cards #cards 12 size 40 Howl #buckets 4 coarsen threshold 1843 Howl Bitmap #cards 512 size 80 coarsen threshold 460 Card regions per heap region 1 cards per card region 2048
 CPUs: 8 total, 8 available
 Memory: 8058M
 Large Page Support: Disabled
 NUMA Support: Disabled
 Compressed Oops: Enabled (32-bit)
 Heap Region Size: 1M
 Heap Min Capacity: 8M
 Heap Initial Capacity: 126M
 Heap Max Capacity: 2016M
 Pre-touch: Disabled
 Parallel Workers: 8
 Concurrent Workers: 2
 Concurrent Refinement Workers: 8
 Periodic GC: Disabled
Heap:
 garbage-first heap   total 66560K, used 52953K [0x0000000082000000, 0x0000000100000000)
  region size 1024K, 21 young (21504K), 3 survivors (3072K)
 Metaspace       used 75502K, committed 76224K, reserved 1179648K
  class space    used 10303K, committed 10624K, reserved 1048576K
GC Heap History (20 events):
Event: 6.338 GC heap before
{Heap before GC invocations=6 (full 0):
 garbage-first heap   total 55296K, used 37343K [0x0000000082000000, 0x0000000100000000)
  region size 1024K, 22 young (22528K), 3 survivors (3072K)
 Metaspace       used 35497K, committed 35968K, reserved 1114112K
  class space    used 4590K, committed 4800K, reserved 1048576K
}
Event: 6.341 GC heap after
{Heap after GC invocations=7 (full 0):
 garbage-first heap   total 55296K, used 19768K [0x0000000082000000, 0x0000000100000000)
  region size 1024K, 2 young (2048K), 2 survivors (2048K)
 Metaspace       used 35497K, committed 35968K, reserved 1114112K
  class space    used 4590K, committed 4800K, reserved 1048576K
}
Event: 6.962 GC heap before
{Heap before GC invocations=8 (full 0):
 garbage-first heap   total 55296K, used 44344K [0x0000000082000000, 0x0000000100000000)
  region size 1024K, 26 young (26624K), 2 survivors (2048K)
 Metaspace       used 42472K, committed 43072K, reserved 1114112K
  class space    used 5560K, committed 5824K, reserved 1048576K
}
Event: 6.966 GC heap after
{Heap after GC invocations=9 (full 0):
 garbage-first heap   total 55296K, used 22233K [0x0000000082000000, 0x0000000100000000)
  region size 1024K, 4 young (4096K), 4 survivors (4096K)
 Metaspace       used 42472K, committed 43072K, reserved 1114112K
  class space    used 5560K, committed 5824K, reserved 1048576K
}
Event: 7.442 GC heap before
{Heap before GC invocations=9 (full 0):
 garbage-first heap   total 55296K, used 44761K [0x0000000082000000, 0x0000000100000000)
  region size 1024K, 27 young (27648K), 4 survivors (4096K)
 Metaspace       used 49738K, committed 50304K, reserved 1114112K
  class space    used 6546K, committed 6784K, reserved 1048576K
}
Event: 7.447 GC heap after
{Heap after GC invocations=10 (full 0):
 garbage-first heap   total 55296K, used 23860K [0x0000000082000000, 0x0000000100000000)
  region size 1024K, 3 young (3072K), 3 survivors (3072K)
 Metaspace       used 49738K, committed 50304K, reserved 1114112K
  class space    used 6546K, committed 6784K, reserved 1048576K
}
Event: 7.871 GC heap before
{Heap before GC invocations=10 (full 0):
 garbage-first heap   total 55296K, used 46388K [0x0000000082000000, 0x0000000100000000)
  region size 1024K, 25 young (25600K), 3 survivors (3072K)
 Metaspace       used 52194K, committed 52800K, reserved 1114112K
  class space    used 6947K, committed 7232K, reserved 1048576K
}
Event: 7.875 GC heap after
{Heap after GC invocations=11 (full 0):
 garbage-first heap   total 55296K, used 24367K [0x0000000082000000, 0x0000000100000000)
  region size 1024K, 3 young (3072K), 3 survivors (3072K)
 Metaspace       used 52194K, committed 52800K, reserved 1114112K
  class space    used 6947K, committed 7232K, reserved 1048576K
}
Event: 9.058 GC heap before
{Heap before GC invocations=11 (full 0):
 garbage-first heap   total 55296K, used 45871K [0x0000000082000000, 0x0000000100000000)
  region size 1024K, 25 young (25600K), 3 survivors (3072K)
 Metaspace       used 57035K, committed 57664K, reserved 1114112K
  class space    used 7607K, committed 7872K, reserved 1048576K
}
Event: 9.065 GC heap after
{Heap after GC invocations=12 (full 0):
 garbage-first heap   total 55296K, used 26188K [0x0000000082000000, 0x0000000100000000)
  region size 1024K, 3 young (3072K), 3 survivors (3072K)
 Metaspace       used 57035K, committed 57664K, reserved 1114112K
  class space    used 7607K, committed 7872K, reserved 1048576K
}
Event: 9.622 GC heap before
{Heap before GC invocations=12 (full 0):
 garbage-first heap   total 55296K, used 40524K [0x0000000082000000, 0x0000000100000000)
  region size 1024K, 19 young (19456K), 3 survivors (3072K)
 Metaspace       used 59702K, committed 60288K, reserved 1114112K
  class space    used 7894K, committed 8128K, reserved 1048576K
}
Event: 9.628 GC heap after
{Heap after GC invocations=13 (full 0):
 garbage-first heap   total 55296K, used 28178K [0x0000000082000000, 0x0000000100000000)
  region size 1024K, 3 young (3072K), 3 survivors (3072K)
 Metaspace       used 59702K, committed 60288K, reserved 1114112K
  class space    used 7894K, committed 8128K, reserved 1048576K
}
Event: 10.218 GC heap before
{Heap before GC invocations=14 (full 0):
 garbage-first heap   total 55296K, used 46610K [0x0000000082000000, 0x0000000100000000)
  region size 1024K, 21 young (21504K), 3 survivors (3072K)
 Metaspace       used 62866K, committed 63488K, reserved 1114112K
  class space    used 8450K, committed 8704K, reserved 1048576K
}
Event: 10.222 GC heap after
{Heap after GC invocations=15 (full 0):
 garbage-first heap   total 55296K, used 30143K [0x0000000082000000, 0x0000000100000000)
  region size 1024K, 2 young (2048K), 2 survivors (2048K)
 Metaspace       used 62866K, committed 63488K, reserved 1114112K
  class space    used 8450K, committed 8704K, reserved 1048576K
}
Event: 10.573 GC heap before
{Heap before GC invocations=15 (full 0):
 garbage-first heap   total 55296K, used 48575K [0x0000000082000000, 0x0000000100000000)
  region size 1024K, 20 young (20480K), 2 survivors (2048K)
 Metaspace       used 65729K, committed 66368K, reserved 1114112K
  class space    used 8976K, committed 9280K, reserved 1048576K
}
Event: 10.577 GC heap after
{Heap after GC invocations=16 (full 0):
 garbage-first heap   total 66560K, used 31874K [0x0000000082000000, 0x0000000100000000)
  region size 1024K, 2 young (2048K), 2 survivors (2048K)
 Metaspace       used 65729K, committed 66368K, reserved 1114112K
  class space    used 8976K, committed 9280K, reserved 1048576K
}
Event: 11.738 GC heap before
{Heap before GC invocations=16 (full 0):
 garbage-first heap   total 66560K, used 57474K [0x0000000082000000, 0x0000000100000000)
  region size 1024K, 27 young (27648K), 2 survivors (2048K)
 Metaspace       used 68809K, committed 69504K, reserved 1114112K
  class space    used 9411K, committed 9728K, reserved 1048576K
}
Event: 11.747 GC heap after
{Heap after GC invocations=17 (full 0):
 garbage-first heap   total 66560K, used 34178K [0x0000000082000000, 0x0000000100000000)
  region size 1024K, 4 young (4096K), 4 survivors (4096K)
 Metaspace       used 68809K, committed 69504K, reserved 1114112K
  class space    used 9411K, committed 9728K, reserved 1048576K
}
Event: 12.561 GC heap before
{Heap before GC invocations=18 (full 0):
 garbage-first heap   total 66560K, used 56706K [0x0000000082000000, 0x0000000100000000)
  region size 1024K, 27 young (27648K), 4 survivors (4096K)
 Metaspace       used 70913K, committed 71616K, reserved 1114112K
  class space    used 9696K, committed 10048K, reserved 1048576K
}
Event: 12.566 GC heap after
{Heap after GC invocations=19 (full 0):
 garbage-first heap   total 66560K, used 36569K [0x0000000082000000, 0x0000000100000000)
  region size 1024K, 3 young (3072K), 3 survivors (3072K)
 Metaspace       used 70913K, committed 71616K, reserved 1114112K
  class space    used 9696K, committed 10048K, reserved 1048576K
}

