# JRE version: Java(TM) SE Runtime Environment (21.0.2+13) (build 21.0.2+13-LTS-58)
# Java VM: Java HotSpot(TM) 64-Bit Server VM (21.0.2+13-LTS-58, mixed mode, sharing, tiered, compressed oops, compressed class ptrs, g1 gc, windows-amd64)
GC Precious Log:
 CardTable entry size: 512
 Card Set container configuration: InlinePtr #cards 5 size 8 Array Of Cards #cards 12 size 40 Howl #buckets 4 coarsen threshold 1843 Howl Bitmap #cards 512 size 80 coarsen threshold 460 Card regions per heap region 1 cards per card region 2048
 CPUs: 8 total, 8 available
 Memory: 8058M
 Large Page Support: Disabled
 NUMA Support: Disabled
 Compressed Oops: Enabled (32-bit)
 Heap Region Size: 1M
 Heap Min Capacity: 8M
 Heap Initial Capacity: 126M
 Heap Max Capacity: 2016M
 Pre-touch: Disabled
 Parallel Workers: 8
 Concurrent Workers: 2
 Concurrent Refinement Workers: 8
 Periodic GC: Disabled
Heap:
 garbage-first heap   total 60416K, used 38775K [0x0000000082000000, 0x0000000100000000)
  region size 1024K, 5 young (5120K), 3 survivors (3072K)
 Metaspace       used 74833K, committed 75520K, reserved 1114112K
  class space    used 10237K, committed 10560K, reserved 1048576K
GC Heap History (20 events):
Event: 9.110 GC heap before
{Heap before GC invocations=9 (full 0):
 garbage-first heap   total 55296K, used 45234K [0x0000000082000000, 0x0000000100000000)
  region size 1024K, 27 young (27648K), 4 survivors (4096K)
 Metaspace       used 49734K, committed 50304K, reserved 1114112K
  class space    used 6545K, committed 6784K, reserved 1048576K
}
Event: 9.118 GC heap after
{Heap after GC invocations=10 (full 0):
 garbage-first heap   total 55296K, used 24057K [0x0000000082000000, 0x0000000100000000)
  region size 1024K, 2 young (2048K), 2 survivors (2048K)
 Metaspace       used 49734K, committed 50304K, reserved 1114112K
  class space    used 6545K, committed 6784K, reserved 1048576K
}
Event: 9.812 GC heap before
{Heap before GC invocations=10 (full 0):
 garbage-first heap   total 55296K, used 46585K [0x0000000082000000, 0x0000000100000000)
  region size 1024K, 24 young (24576K), 2 survivors (2048K)
 Metaspace       used 52186K, committed 52800K, reserved 1114112K
  class space    used 6945K, committed 7232K, reserved 1048576K
}
Event: 9.816 GC heap after
{Heap after GC invocations=11 (full 0):
 garbage-first heap   total 55296K, used 24762K [0x0000000082000000, 0x0000000100000000)
  region size 1024K, 1 young (1024K), 1 survivors (1024K)
 Metaspace       used 52186K, committed 52800K, reserved 1114112K
  class space    used 6945K, committed 7232K, reserved 1048576K
}
Event: 10.747 GC heap before
{Heap before GC invocations=11 (full 0):
 garbage-first heap   total 55296K, used 47290K [0x0000000082000000, 0x0000000100000000)
  region size 1024K, 24 young (24576K), 1 survivors (1024K)
 Metaspace       used 57249K, committed 57856K, reserved 1114112K
  class space    used 7625K, committed 7872K, reserved 1048576K
}
Event: 10.750 GC heap after
{Heap after GC invocations=12 (full 0):
 garbage-first heap   total 55296K, used 26768K [0x0000000082000000, 0x0000000100000000)
  region size 1024K, 3 young (3072K), 3 survivors (3072K)
 Metaspace       used 57249K, committed 57856K, reserved 1114112K
  class space    used 7625K, committed 7872K, reserved 1048576K
}
Event: 11.176 GC heap before
{Heap before GC invocations=12 (full 0):
 garbage-first heap   total 55296K, used 41104K [0x0000000082000000, 0x0000000100000000)
  region size 1024K, 18 young (18432K), 3 survivors (3072K)
 Metaspace       used 59608K, committed 60160K, reserved 1114112K
  class space    used 7882K, committed 8128K, reserved 1048576K
}
Event: 11.183 GC heap after
{Heap after GC invocations=13 (full 0):
 garbage-first heap   total 55296K, used 28742K [0x0000000082000000, 0x0000000100000000)
  region size 1024K, 2 young (2048K), 2 survivors (2048K)
 Metaspace       used 59608K, committed 60160K, reserved 1114112K
  class space    used 7882K, committed 8128K, reserved 1048576K
}
Event: 11.900 GC heap before
{Heap before GC invocations=14 (full 0):
 garbage-first heap   total 55296K, used 47174K [0x0000000082000000, 0x0000000100000000)
  region size 1024K, 21 young (21504K), 2 survivors (2048K)
 Metaspace       used 62894K, committed 63616K, reserved 1114112K
  class space    used 8462K, committed 8768K, reserved 1048576K
}
Event: 11.906 GC heap after
{Heap after GC invocations=15 (full 0):
 garbage-first heap   total 55296K, used 30756K [0x0000000082000000, 0x0000000100000000)
  region size 1024K, 3 young (3072K), 3 survivors (3072K)
 Metaspace       used 62894K, committed 63616K, reserved 1114112K
  class space    used 8462K, committed 8768K, reserved 1048576K
}
Event: 12.475 GC heap before
{Heap before GC invocations=15 (full 0):
 garbage-first heap   total 55296K, used 46116K [0x0000000082000000, 0x0000000100000000)
  region size 1024K, 19 young (19456K), 3 survivors (3072K)
 Metaspace       used 65662K, committed 66368K, reserved 1114112K
  class space    used 8970K, committed 9280K, reserved 1048576K
}
Event: 12.482 GC heap after
{Heap after GC invocations=16 (full 0):
 garbage-first heap   total 55296K, used 31800K [0x0000000082000000, 0x0000000100000000)
  region size 1024K, 2 young (2048K), 2 survivors (2048K)
 Metaspace       used 65662K, committed 66368K, reserved 1114112K
  class space    used 8970K, committed 9280K, reserved 1048576K
}
Event: 13.301 GC heap before
{Heap before GC invocations=16 (full 0):
 garbage-first heap   total 55296K, used 48184K [0x0000000082000000, 0x0000000100000000)
  region size 1024K, 18 young (18432K), 2 survivors (2048K)
 Metaspace       used 67774K, committed 68416K, reserved 1114112K
  class space    used 9264K, committed 9536K, reserved 1048576K
}
Event: 13.305 GC heap after
{Heap after GC invocations=17 (full 0):
 garbage-first heap   total 55296K, used 33433K [0x0000000082000000, 0x0000000100000000)
  region size 1024K, 3 young (3072K), 3 survivors (3072K)
 Metaspace       used 67774K, committed 68416K, reserved 1114112K
  class space    used 9264K, committed 9536K, reserved 1048576K
}
Event: 13.784 GC heap before
{Heap before GC invocations=18 (full 0):
 garbage-first heap   total 60416K, used 47769K [0x0000000082000000, 0x0000000100000000)
  region size 1024K, 17 young (17408K), 3 survivors (3072K)
 Metaspace       used 69387K, committed 70016K, reserved 1114112K
  class space    used 9506K, committed 9792K, reserved 1048576K
}
Event: 13.789 GC heap after
{Heap after GC invocations=19 (full 0):
 garbage-first heap   total 60416K, used 35349K [0x0000000082000000, 0x0000000100000000)
  region size 1024K, 2 young (2048K), 2 survivors (2048K)
 Metaspace       used 69387K, committed 70016K, reserved 1114112K
  class space    used 9506K, committed 9792K, reserved 1048576K
}
Event: 14.237 GC heap before
{Heap before GC invocations=19 (full 0):
 garbage-first heap   total 60416K, used 52757K [0x0000000082000000, 0x0000000100000000)
  region size 1024K, 20 young (20480K), 2 survivors (2048K)
 Metaspace       used 70873K, committed 71552K, reserved 1114112K
  class space    used 9690K, committed 9984K, reserved 1048576K
}
Event: 14.242 GC heap after
{Heap after GC invocations=20 (full 0):
 garbage-first heap   total 60416K, used 36545K [0x0000000082000000, 0x0000000100000000)
  region size 1024K, 2 young (2048K), 2 survivors (2048K)
 Metaspace       used 70873K, committed 71552K, reserved 1114112K
  class space    used 9690K, committed 9984K, reserved 1048576K
}
Event: 29.876 GC heap before
{Heap before GC invocations=20 (full 0):
 garbage-first heap   total 60416K, used 51905K [0x0000000082000000, 0x0000000100000000)
  region size 1024K, 18 young (18432K), 2 survivors (2048K)
 Metaspace       used 74516K, committed 75200K, reserved 1114112K
  class space    used 10197K, committed 10496K, reserved 1048576K
}
Event: 29.881 GC heap after
{Heap after GC invocations=21 (full 0):
 garbage-first heap   total 60416K, used 37751K [0x0000000082000000, 0x0000000100000000)
  region size 1024K, 3 young (3072K), 3 survivors (3072K)
 Metaspace       used 74516K, committed 75200K, reserved 1114112K
  class space    used 10197K, committed 10496K, reserved 1048576K
}

