# JRE version: Java(TM) SE Runtime Environment (21.0.2+13) (build 21.0.2+13-LTS-58)
# Java VM: Java HotSpot(TM) 64-Bit Server VM (21.0.2+13-LTS-58, mixed mode, sharing, tiered, compressed oops, compressed class ptrs, g1 gc, windows-amd64)
GC Precious Log:
 CardTable entry size: 512
 Card Set container configuration: InlinePtr #cards 5 size 8 Array Of Cards #cards 12 size 40 Howl #buckets 4 coarsen threshold 1843 Howl Bitmap #cards 512 size 80 coarsen threshold 460 Card regions per heap region 1 cards per card region 2048
 CPUs: 8 total, 8 available
 Memory: 8058M
 Large Page Support: Disabled
 NUMA Support: Disabled
 Compressed Oops: Enabled (32-bit)
 Heap Region Size: 1M
 Heap Min Capacity: 8M
 Heap Initial Capacity: 126M
 Heap Max Capacity: 2016M
 Pre-touch: Disabled
 Parallel Workers: 8
 Concurrent Workers: 2
 Concurrent Refinement Workers: 8
 Periodic GC: Disabled
Heap:
 garbage-first heap   total 51200K, used 39788K [0x0000000082000000, 0x0000000100000000)
  region size 1024K, 17 young (17408K), 1 survivors (1024K)
 Metaspace       used 53875K, committed 54464K, reserved 1114112K
  class space    used 7192K, committed 7488K, reserved 1048576K
GC Heap History (18 events):
Event: 1.109 GC heap before
{Heap before GC invocations=0 (full 0):
 garbage-first heap   total 129024K, used 24576K [0x0000000082000000, 0x0000000100000000)
  region size 1024K, 23 young (23552K), 0 survivors (0K)
 Metaspace       used 6761K, committed 6976K, reserved 1114112K
  class space    used 792K, committed 896K, reserved 1048576K
}
Event: 1.116 GC heap after
{Heap after GC invocations=1 (full 0):
 garbage-first heap   total 129024K, used 7274K [0x0000000082000000, 0x0000000100000000)
  region size 1024K, 3 young (3072K), 3 survivors (3072K)
 Metaspace       used 6761K, committed 6976K, reserved 1114112K
  class space    used 792K, committed 896K, reserved 1048576K
}
Event: 1.747 GC heap before
{Heap before GC invocations=1 (full 0):
 garbage-first heap   total 129024K, used 34922K [0x0000000082000000, 0x0000000100000000)
  region size 1024K, 31 young (31744K), 3 survivors (3072K)
 Metaspace       used 14233K, committed 14528K, reserved 1114112K
  class space    used 1708K, committed 1856K, reserved 1048576K
}
Event: 1.755 GC heap after
{Heap after GC invocations=2 (full 0):
 garbage-first heap   total 129024K, used 9678K [0x0000000082000000, 0x0000000100000000)
  region size 1024K, 3 young (3072K), 3 survivors (3072K)
 Metaspace       used 14233K, committed 14528K, reserved 1114112K
  class space    used 1708K, committed 1856K, reserved 1048576K
}
Event: 3.200 GC heap before
{Heap before GC invocations=2 (full 0):
 garbage-first heap   total 129024K, used 51662K [0x0000000082000000, 0x0000000100000000)
  region size 1024K, 46 young (47104K), 3 survivors (3072K)
 Metaspace       used 21210K, committed 21504K, reserved 1114112K
  class space    used 2564K, committed 2688K, reserved 1048576K
}
Event: 3.219 GC heap after
{Heap after GC invocations=3 (full 0):
 garbage-first heap   total 129024K, used 13996K [0x0000000082000000, 0x0000000100000000)
  region size 1024K, 7 young (7168K), 7 survivors (7168K)
 Metaspace       used 21210K, committed 21504K, reserved 1114112K
  class space    used 2564K, committed 2688K, reserved 1048576K
}
Event: 4.529 GC heap before
{Heap before GC invocations=4 (full 0):
 garbage-first heap   total 51200K, used 37548K [0x0000000082000000, 0x0000000100000000)
  region size 1024K, 30 young (30720K), 7 survivors (7168K)
 Metaspace       used 25541K, committed 25984K, reserved 1114112K
  class space    used 3170K, committed 3392K, reserved 1048576K
}
Event: 4.546 GC heap after
{Heap after GC invocations=5 (full 0):
 garbage-first heap   total 51200K, used 16384K [0x0000000082000000, 0x0000000100000000)
  region size 1024K, 3 young (3072K), 3 survivors (3072K)
 Metaspace       used 25541K, committed 25984K, reserved 1114112K
  class space    used 3170K, committed 3392K, reserved 1048576K
}
Event: 5.372 GC heap before
{Heap before GC invocations=5 (full 0):
 garbage-first heap   total 51200K, used 38912K [0x0000000082000000, 0x0000000100000000)
  region size 1024K, 26 young (26624K), 3 survivors (3072K)
 Metaspace       used 29716K, committed 30272K, reserved 1114112K
  class space    used 3722K, committed 3968K, reserved 1048576K
}
Event: 5.376 GC heap after
{Heap after GC invocations=6 (full 0):
 garbage-first heap   total 51200K, used 18403K [0x0000000082000000, 0x0000000100000000)
  region size 1024K, 3 young (3072K), 3 survivors (3072K)
 Metaspace       used 29716K, committed 30272K, reserved 1114112K
  class space    used 3722K, committed 3968K, reserved 1048576K
}
Event: 6.492 GC heap before
{Heap before GC invocations=6 (full 0):
 garbage-first heap   total 51200K, used 37859K [0x0000000082000000, 0x0000000100000000)
  region size 1024K, 23 young (23552K), 3 survivors (3072K)
 Metaspace       used 35437K, committed 35968K, reserved 1114112K
  class space    used 4601K, committed 4864K, reserved 1048576K
}
Event: 6.498 GC heap after
{Heap after GC invocations=7 (full 0):
 garbage-first heap   total 51200K, used 19687K [0x0000000082000000, 0x0000000100000000)
  region size 1024K, 2 young (2048K), 2 survivors (2048K)
 Metaspace       used 35437K, committed 35968K, reserved 1114112K
  class space    used 4601K, committed 4864K, reserved 1048576K
}
Event: 7.620 GC heap before
{Heap before GC invocations=8 (full 0):
 garbage-first heap   total 51200K, used 41191K [0x0000000082000000, 0x0000000100000000)
  region size 1024K, 24 young (24576K), 2 survivors (2048K)
 Metaspace       used 41950K, committed 42496K, reserved 1114112K
  class space    used 5498K, committed 5760K, reserved 1048576K
}
Event: 7.623 GC heap after
{Heap after GC invocations=9 (full 0):
 garbage-first heap   total 51200K, used 21809K [0x0000000082000000, 0x0000000100000000)
  region size 1024K, 3 young (3072K), 3 survivors (3072K)
 Metaspace       used 41950K, committed 42496K, reserved 1114112K
  class space    used 5498K, committed 5760K, reserved 1048576K
}
Event: 8.280 GC heap before
{Heap before GC invocations=9 (full 0):
 garbage-first heap   total 51200K, used 41265K [0x0000000082000000, 0x0000000100000000)
  region size 1024K, 23 young (23552K), 3 survivors (3072K)
 Metaspace       used 47824K, committed 48384K, reserved 1114112K
  class space    used 6304K, committed 6528K, reserved 1048576K
}
Event: 8.284 GC heap after
{Heap after GC invocations=10 (full 0):
 garbage-first heap   total 51200K, used 23428K [0x0000000082000000, 0x0000000100000000)
  region size 1024K, 2 young (2048K), 2 survivors (2048K)
 Metaspace       used 47824K, committed 48384K, reserved 1114112K
  class space    used 6304K, committed 6528K, reserved 1048576K
}
Event: 9.023 GC heap before
{Heap before GC invocations=10 (full 0):
 garbage-first heap   total 51200K, used 41860K [0x0000000082000000, 0x0000000100000000)
  region size 1024K, 21 young (21504K), 2 survivors (2048K)
 Metaspace       used 51759K, committed 52352K, reserved 1114112K
  class space    used 6916K, committed 7168K, reserved 1048576K
}
Event: 9.028 GC heap after
{Heap after GC invocations=11 (full 0):
 garbage-first heap   total 51200K, used 24428K [0x0000000082000000, 0x0000000100000000)
  region size 1024K, 1 young (1024K), 1 survivors (1024K)
 Metaspace       used 51759K, committed 52352K, reserved 1114112K
  class space    used 6916K, committed 7168K, reserved 1048576K
}

