# JRE version: Java(TM) SE Runtime Environment (21.0.2+13) (build 21.0.2+13-LTS-58)
# Java VM: Java HotSpot(TM) 64-Bit Server VM (21.0.2+13-LTS-58, mixed mode, emulated-client, sharing, tiered, compressed oops, compressed class ptrs, g1 gc, windows-amd64)
GC Precious Log:
 CardTable entry size: 512
 Card Set container configuration: InlinePtr #cards 5 size 8 Array Of Cards #cards 12 size 40 Howl #buckets 4 coarsen threshold 1843 Howl Bitmap #cards 512 size 80 coarsen threshold 460 Card regions per heap region 1 cards per card region 2048
 CPUs: 8 total, 8 available
 Memory: 8058M
 Large Page Support: Disabled
 NUMA Support: Disabled
 Compressed Oops: Enabled (32-bit)
 Heap Region Size: 1M
 Heap Min Capacity: 8M
 Heap Initial Capacity: 126M
 Heap Max Capacity: 2016M
 Pre-touch: Disabled
 Parallel Workers: 8
 Concurrent Workers: 2
 Concurrent Refinement Workers: 8
 Periodic GC: Disabled
Heap:
 garbage-first heap   total 61440K, used 34288K [0x0000000082000000, 0x0000000100000000)
  region size 1024K, 2 young (2048K), 2 survivors (2048K)
 Metaspace       used 65732K, committed 66496K, reserved 1114112K
  class space    used 9317K, committed 9664K, reserved 1048576K
GC Heap History (20 events):
Event: 2.407 GC heap after
{Heap after GC invocations=5 (full 0):
 garbage-first heap   total 51200K, used 15399K [0x0000000082000000, 0x0000000100000000)
  region size 1024K, 3 young (3072K), 3 survivors (3072K)
 Metaspace       used 23330K, committed 23680K, reserved 1114112K
  class space    used 3099K, committed 3264K, reserved 1048576K
}
Event: 2.854 GC heap before
{Heap before GC invocations=5 (full 0):
 garbage-first heap   total 51200K, used 36903K [0x0000000082000000, 0x0000000100000000)
  region size 1024K, 25 young (25600K), 3 survivors (3072K)
 Metaspace       used 26738K, committed 27264K, reserved 1114112K
  class space    used 3628K, committed 3840K, reserved 1048576K
}
Event: 2.863 GC heap after
{Heap after GC invocations=6 (full 0):
 garbage-first heap   total 51200K, used 17331K [0x0000000082000000, 0x0000000100000000)
  region size 1024K, 4 young (4096K), 4 survivors (4096K)
 Metaspace       used 26738K, committed 27264K, reserved 1114112K
  class space    used 3628K, committed 3840K, reserved 1048576K
}
Event: 3.288 GC heap before
{Heap before GC invocations=6 (full 0):
 garbage-first heap   total 51200K, used 40883K [0x0000000082000000, 0x0000000100000000)
  region size 1024K, 27 young (27648K), 4 survivors (4096K)
 Metaspace       used 29813K, committed 30400K, reserved 1114112K
  class space    used 4060K, committed 4352K, reserved 1048576K
}
Event: 3.293 GC heap after
{Heap after GC invocations=7 (full 0):
 garbage-first heap   total 61440K, used 19418K [0x0000000082000000, 0x0000000100000000)
  region size 1024K, 2 young (2048K), 2 survivors (2048K)
 Metaspace       used 29813K, committed 30400K, reserved 1114112K
  class space    used 4060K, committed 4352K, reserved 1048576K
}
Event: 3.997 GC heap before
{Heap before GC invocations=7 (full 0):
 garbage-first heap   total 61440K, used 33754K [0x0000000082000000, 0x0000000100000000)
  region size 1024K, 18 young (18432K), 2 survivors (2048K)
 Metaspace       used 34227K, committed 34816K, reserved 1114112K
  class space    used 4707K, committed 4992K, reserved 1048576K
}
Event: 4.001 GC heap after
{Heap after GC invocations=8 (full 0):
 garbage-first heap   total 61440K, used 20300K [0x0000000082000000, 0x0000000100000000)
  region size 1024K, 3 young (3072K), 3 survivors (3072K)
 Metaspace       used 34227K, committed 34816K, reserved 1114112K
  class space    used 4707K, committed 4992K, reserved 1048576K
}
Event: 4.657 GC heap before
{Heap before GC invocations=9 (full 0):
 garbage-first heap   total 61440K, used 52044K [0x0000000082000000, 0x0000000100000000)
  region size 1024K, 34 young (34816K), 3 survivors (3072K)
 Metaspace       used 42597K, committed 43200K, reserved 1114112K
  class space    used 5919K, committed 6144K, reserved 1048576K
}
Event: 4.662 GC heap after
{Heap after GC invocations=10 (full 0):
 garbage-first heap   total 61440K, used 23032K [0x0000000082000000, 0x0000000100000000)
  region size 1024K, 4 young (4096K), 4 survivors (4096K)
 Metaspace       used 42597K, committed 43200K, reserved 1114112K
  class space    used 5919K, committed 6144K, reserved 1048576K
}
Event: 5.275 GC heap before
{Heap before GC invocations=10 (full 0):
 garbage-first heap   total 61440K, used 50680K [0x0000000082000000, 0x0000000100000000)
  region size 1024K, 32 young (32768K), 4 survivors (4096K)
 Metaspace       used 50648K, committed 51200K, reserved 1114112K
  class space    used 7149K, committed 7360K, reserved 1048576K
}
Event: 5.281 GC heap after
{Heap after GC invocations=11 (full 0):
 garbage-first heap   total 61440K, used 24604K [0x0000000082000000, 0x0000000100000000)
  region size 1024K, 3 young (3072K), 3 survivors (3072K)
 Metaspace       used 50648K, committed 51200K, reserved 1114112K
  class space    used 7149K, committed 7360K, reserved 1048576K
}
Event: 5.651 GC heap before
{Heap before GC invocations=11 (full 0):
 garbage-first heap   total 61440K, used 52252K [0x0000000082000000, 0x0000000100000000)
  region size 1024K, 30 young (30720K), 3 survivors (3072K)
 Metaspace       used 53996K, committed 54656K, reserved 1114112K
  class space    used 7651K, committed 7936K, reserved 1048576K
}
Event: 5.654 GC heap after
{Heap after GC invocations=12 (full 0):
 garbage-first heap   total 61440K, used 25351K [0x0000000082000000, 0x0000000100000000)
  region size 1024K, 3 young (3072K), 3 survivors (3072K)
 Metaspace       used 53996K, committed 54656K, reserved 1114112K
  class space    used 7651K, committed 7936K, reserved 1048576K
}
Event: 6.210 GC heap before
{Heap before GC invocations=12 (full 0):
 garbage-first heap   total 61440K, used 43783K [0x0000000082000000, 0x0000000100000000)
  region size 1024K, 22 young (22528K), 3 survivors (3072K)
 Metaspace       used 57728K, committed 58368K, reserved 1114112K
  class space    used 8090K, committed 8384K, reserved 1048576K
}
Event: 6.214 GC heap after
{Heap after GC invocations=13 (full 0):
 garbage-first heap   total 61440K, used 27440K [0x0000000082000000, 0x0000000100000000)
  region size 1024K, 3 young (3072K), 3 survivors (3072K)
 Metaspace       used 57728K, committed 58368K, reserved 1114112K
  class space    used 8090K, committed 8384K, reserved 1048576K
}
Event: 6.741 GC heap before
{Heap before GC invocations=14 (full 0):
 garbage-first heap   total 61440K, used 53040K [0x0000000082000000, 0x0000000100000000)
  region size 1024K, 28 young (28672K), 3 survivors (3072K)
 Metaspace       used 60763K, committed 61504K, reserved 1114112K
  class space    used 8643K, committed 8960K, reserved 1048576K
}
Event: 6.747 GC heap after
{Heap after GC invocations=15 (full 0):
 garbage-first heap   total 61440K, used 29731K [0x0000000082000000, 0x0000000100000000)
  region size 1024K, 4 young (4096K), 4 survivors (4096K)
 Metaspace       used 60763K, committed 61504K, reserved 1114112K
  class space    used 8643K, committed 8960K, reserved 1048576K
}
Event: 7.182 GC heap before
{Heap before GC invocations=15 (full 0):
 garbage-first heap   total 61440K, used 53283K [0x0000000082000000, 0x0000000100000000)
  region size 1024K, 27 young (27648K), 4 survivors (4096K)
 Metaspace       used 63154K, committed 63936K, reserved 1114112K
  class space    used 9007K, committed 9344K, reserved 1048576K
}
Event: 7.188 GC heap after
{Heap after GC invocations=16 (full 0):
 garbage-first heap   total 61440K, used 32294K [0x0000000082000000, 0x0000000100000000)
  region size 1024K, 3 young (3072K), 3 survivors (3072K)
 Metaspace       used 63154K, committed 63936K, reserved 1114112K
  class space    used 9007K, committed 9344K, reserved 1048576K
}
Event: 97.360 GC heap before
{Heap before GC invocations=16 (full 0):
 garbage-first heap   total 61440K, used 52774K [0x0000000082000000, 0x0000000100000000)
  region size 1024K, 24 young (24576K), 3 survivors (3072K)
 Metaspace       used 65732K, committed 66496K, reserved 1114112K
  class space    used 9317K, committed 9664K, reserved 1048576K
}

